2026-05-16 20:04:51 - Marking_Experiment.task_validator - WARNING - task_validator.py:157 - Changing program from 'excel' to 'word'
2026-05-16 20:04:51 - Marking_Experiment.task_validator - WARNING - task_validator.py:157 - Changing program from 'excel' to 'word'
2026-05-17 10:26:58 - Marking_Experiment.task_validator - WARNING - task_validator.py:157 - Changing program from 'excel' to 'word'
2026-05-17 10:26:58 - Marking_Experiment.task_validator - WARNING - task_validator.py:157 - Changing program from 'excel' to 'word'
2026-05-17 10:37:13 - Marking_Experiment.task_validator - WARNING - task_validator.py:157 - Changing program from 'excel' to 'word'
2026-05-17 10:37:13 - Marking_Experiment.task_validator - WARNING - task_validator.py:157 - Changing program from 'excel' to 'word'
2026-05-17 10:39:52 - Marking_Experiment.task_validator - WARNING - task_validator.py:157 - Changing program from 'excel' to 'word'
2026-05-17 10:39:52 - Marking_Experiment.task_validator - WARNING - task_validator.py:157 - Changing program from 'excel' to 'word'
2026-05-17 10:49:47 - Marking_Experiment.task_validator - WARNING - task_validator.py:157 - Changing program from 'excel' to 'word'
2026-05-17 10:49:47 - Marking_Experiment.task_validator - WARNING - task_validator.py:157 - Changing program from 'excel' to 'word'
2026-05-17 10:50:04 - Marking_Experiment.targeting - DEBUG - targeting.py:231 - Found 1 paragraph(s) containing 'HANGING'
2026-05-17 10:50:04 - Marking_Experiment.targeting - DEBUG - targeting.py:231 - Found 1 paragraph(s) containing 'LEFT'
2026-05-17 10:50:04 - Marking_Experiment.targeting - DEBUG - targeting.py:231 - Found 1 paragraph(s) containing 'RIGHT'
2026-05-17 10:50:04 - Marking_Experiment.targeting - DEBUG - targeting.py:231 - Found 1 paragraph(s) containing 'KEEP_NEXT'
2026-05-17 10:50:05 - Marking_Experiment.targeting - DEBUG - targeting.py:231 - Found 1 paragraph(s) containing 'KEEP_TOGETHER'
2026-05-17 10:50:05 - Marking_Experiment.targeting - DEBUG - targeting.py:231 - Found 1 paragraph(s) containing 'WIDOW'
2026-05-17 10:50:05 - Marking_Experiment.targeting - DEBUG - targeting.py:231 - Found 1 paragraph(s) containing 'PAGEBREAK'
2026-05-17 10:50:05 - Marking_Experiment.targeting - DEBUG - targeting.py:231 - Found 1 paragraph(s) containing 'OUTLINE'
2026-05-17 10:50:05 - Marking_Experiment.targeting - DEBUG - targeting.py:231 - Found 1 paragraph(s) containing 'TABS'
2026-05-17 10:50:05 - Marking_Experiment.targeting - DEBUG - targeting.py:231 - Found 1 paragraph(s) containing 'RTL'
2026-05-17 10:50:05 - Marking_Experiment.targeting - DEBUG - targeting.py:231 - Found 1 paragraph(s) containing 'ALIGN'
2026-05-17 10:50:05 - Marking_Experiment.task_validator - WARNING - task_validator.py:157 - Changing program from 'excel' to 'word'
2026-05-17 10:50:05 - Marking_Experiment.task_validator - WARNING - task_validator.py:157 - Changing program from 'excel' to 'word'
2026-05-17 11:03:22 - Marking_Experiment.targeting - DEBUG - targeting.py:231 - Found 1 paragraph(s) containing 'HANGING'
2026-05-17 11:03:22 - Marking_Experiment.targeting - DEBUG - targeting.py:231 - Found 1 paragraph(s) containing 'LEFT'
2026-05-17 11:03:22 - Marking_Experiment.targeting - DEBUG - targeting.py:231 - Found 1 paragraph(s) containing 'RIGHT'
2026-05-17 11:03:22 - Marking_Experiment.targeting - DEBUG - targeting.py:231 - Found 1 paragraph(s) containing 'KEEP_NEXT'
2026-05-17 11:03:22 - Marking_Experiment.targeting - DEBUG - targeting.py:231 - Found 1 paragraph(s) containing 'KEEP_TOGETHER'
2026-05-17 11:03:22 - Marking_Experiment.targeting - DEBUG - targeting.py:231 - Found 1 paragraph(s) containing 'WIDOW'
2026-05-17 11:03:22 - Marking_Experiment.targeting - DEBUG - targeting.py:231 - Found 1 paragraph(s) containing 'PAGEBREAK'
2026-05-17 11:03:22 - Marking_Experiment.targeting - DEBUG - targeting.py:231 - Found 1 paragraph(s) containing 'OUTLINE'
2026-05-17 11:03:22 - Marking_Experiment.targeting - DEBUG - targeting.py:231 - Found 1 paragraph(s) containing 'TABS'
2026-05-17 11:03:22 - Marking_Experiment.targeting - DEBUG - targeting.py:231 - Found 1 paragraph(s) containing 'RTL'
2026-05-17 11:03:22 - Marking_Experiment.targeting - DEBUG - targeting.py:231 - Found 1 paragraph(s) containing 'ALIGN'
2026-05-17 11:03:23 - Marking_Experiment.task_validator - WARNING - task_validator.py:157 - Changing program from 'excel' to 'word'
2026-05-17 11:03:23 - Marking_Experiment.task_validator - WARNING - task_validator.py:157 - Changing program from 'excel' to 'word'
